{
"contracts/ChainLinkToken.sol":{"l":{"7":1},"path":"/Users/tadhgriordan/Documents/Work/OpenPredict/GitHub/TrustPredict/contracts/ChainLinkToken.sol","s":{"1":1},"b":{},"f":{"1":1},"fnMap":{"1":{"name":"constructor","line":6,"loc":{"start":{"line":6,"column":2},"end":{"line":8,"column":2}}}},"statementMap":{"1":{"start":{"line":7,"column":4},"end":{"line":7,"column":62}}},"branchMap":{}},
"contracts/OPEventFactory.sol":{"l":{"37":2,"38":2,"42":2,"47":11,"56":11,"61":11,"66":13,"67":0,"69":13,"74":13,"75":13,"76":9,"78":4,"82":30,"83":12,"85":18,"89":5,"90":5,"92":0,"104":2,"105":2,"108":2,"110":2,"111":2,"112":2,"113":2,"114":2,"115":2,"116":2,"119":2,"122":2,"124":2,"126":2,"133":15,"134":13,"135":11,"136":9,"138":9,"139":9,"145":9,"146":5,"147":3,"149":1,"150":1,"152":1,"154":0,"156":1,"160":1,"161":1,"164":1,"168":1,"174":12,"176":10,"177":10,"179":10,"181":2,"185":2,"186":2,"189":2,"193":2,"196":2,"202":4,"203":0,"206":0,"207":0,"208":0,"210":0,"213":0,"214":0,"215":0,"217":0,"218":0,"219":0,"230":0,"235":0,"240":0,"245":0,"249":0,"254":1,"259":0,"264":0,"268":2},"path":"/Users/tadhgriordan/Documents/Work/OpenPredict/GitHub/TrustPredict/contracts/OPEventFactory.sol","s":{"1":2,"2":2,"3":2,"4":11,"5":11,"6":11,"7":13,"8":0,"9":13,"10":13,"11":13,"12":9,"13":4,"14":30,"15":12,"16":18,"17":5,"18":5,"19":0,"20":2,"21":2,"22":2,"23":2,"24":2,"25":2,"26":2,"27":2,"28":2,"29":2,"30":2,"31":2,"32":2,"33":2,"34":15,"35":13,"36":11,"37":9,"38":9,"39":9,"40":9,"41":5,"42":3,"43":1,"44":1,"45":1,"46":0,"47":1,"48":1,"49":1,"50":1,"51":1,"52":12,"53":10,"54":10,"55":10,"56":2,"57":2,"58":2,"59":2,"60":2,"61":2,"62":4,"63":0,"64":0,"65":0,"66":0,"67":0,"68":0,"69":0,"70":0,"71":0,"72":0,"73":0,"74":0,"75":0,"76":0,"77":0,"78":0,"79":1,"80":0,"81":0,"82":2},"b":{"1":[2,0],"2":[2,0],"3":[11,0],"4":[9,2],"5":[0,13],"6":[0,0],"7":[11,2],"8":[9,4],"9":[5,4],"10":[0,4],"11":[12,18],"12":[10,2],"13":[14,4],"14":[5,0],"15":[3,2],"16":[0,0],"17":[0,1],"18":[2,8],"19":[2,0],"20":[0,0],"21":[0,0],"22":[0,0],"23":[0,0]},"f":{"1":2,"2":11,"3":11,"4":13,"5":13,"6":30,"7":5,"8":2,"9":15,"10":9,"11":12,"12":4,"13":0,"14":0,"15":0,"16":0,"17":0,"18":1,"19":0,"20":0,"21":2},"fnMap":{"1":{"name":"_validEventPeriod","line":35,"loc":{"start":{"line":35,"column":4},"end":{"line":44,"column":4}}},"2":{"name":"_hasGrantedAllowance","line":46,"loc":{"start":{"line":46,"column":4},"end":{"line":49,"column":4}}},"3":{"name":"_correctWeight","line":51,"loc":{"start":{"line":51,"column":4},"end":{"line":63,"column":5}}},"4":{"name":"_minimumTimeReached","line":65,"loc":{"start":{"line":65,"column":4},"end":{"line":71,"column":5}}},"5":{"name":"_minimumAmountReached","line":73,"loc":{"start":{"line":73,"column":4},"end":{"line":79,"column":4}}},"6":{"name":"_isSettled","line":81,"loc":{"start":{"line":81,"column":4},"end":{"line":86,"column":4}}},"7":{"name":"_isConcluded","line":88,"loc":{"start":{"line":88,"column":4},"end":{"line":93,"column":5}}},"8":{"name":"createOPEvent","line":97,"loc":{"start":{"line":97,"column":4},"end":{"line":127,"column":4}}},"9":{"name":"stake","line":130,"loc":{"start":{"line":130,"column":4},"end":{"line":140,"column":4}}},"10":{"name":"settle","line":142,"loc":{"start":{"line":142,"column":4},"end":{"line":169,"column":4}}},"11":{"name":"claim","line":171,"loc":{"start":{"line":171,"column":4},"end":{"line":197,"column":4}}},"12":{"name":"revoke","line":199,"loc":{"start":{"line":199,"column":4},"end":{"line":221,"column":4}}},"13":{"name":"getBetPrice","line":228,"loc":{"start":{"line":228,"column":4},"end":{"line":231,"column":4}}},"14":{"name":"getBetSide","line":233,"loc":{"start":{"line":233,"column":4},"end":{"line":236,"column":4}}},"15":{"name":"getStartTime","line":238,"loc":{"start":{"line":238,"column":4},"end":{"line":241,"column":4}}},"16":{"name":"getEndTime","line":243,"loc":{"start":{"line":243,"column":4},"end":{"line":246,"column":4}}},"17":{"name":"getWinner","line":248,"loc":{"start":{"line":248,"column":4},"end":{"line":250,"column":4}}},"18":{"name":"getAmountPerWinningToken","line":252,"loc":{"start":{"line":252,"column":4},"end":{"line":255,"column":4}}},"19":{"name":"getSettledPrice","line":257,"loc":{"start":{"line":257,"column":4},"end":{"line":260,"column":4}}},"20":{"name":"getEventSettled","line":262,"loc":{"start":{"line":262,"column":4},"end":{"line":265,"column":4}}},"21":{"name":"getNonce","line":267,"loc":{"start":{"line":267,"column":4},"end":{"line":269,"column":4}}}},"statementMap":{"1":{"start":{"line":37,"column":8},"end":{"line":37,"column":67}},"2":{"start":{"line":38,"column":8},"end":{"line":38,"column":1213}},"3":{"start":{"line":42,"column":8},"end":{"line":42,"column":1422}},"4":{"start":{"line":47,"column":8},"end":{"line":47,"column":1642}},"5":{"start":{"line":56,"column":8},"end":{"line":56,"column":2174}},"6":{"start":{"line":61,"column":8},"end":{"line":61,"column":2526}},"7":{"start":{"line":66,"column":8},"end":{"line":66,"column":2697}},"8":{"start":{"line":67,"column":12},"end":{"line":67,"column":141}},"9":{"start":{"line":69,"column":12},"end":{"line":69,"column":133}},"10":{"start":{"line":74,"column":8},"end":{"line":74,"column":89}},"11":{"start":{"line":75,"column":8},"end":{"line":75,"column":3313}},"12":{"start":{"line":76,"column":12},"end":{"line":76,"column":123}},"13":{"start":{"line":78,"column":12},"end":{"line":78,"column":114}},"14":{"start":{"line":82,"column":8},"end":{"line":82,"column":3643}},"15":{"start":{"line":83,"column":12},"end":{"line":83,"column":91}},"16":{"start":{"line":85,"column":12},"end":{"line":85,"column":84}},"17":{"start":{"line":89,"column":8},"end":{"line":89,"column":3960}},"18":{"start":{"line":90,"column":12},"end":{"line":90,"column":107}},"19":{"start":{"line":92,"column":12},"end":{"line":92,"column":98}},"20":{"start":{"line":104,"column":8},"end":{"line":104,"column":38}},"21":{"start":{"line":105,"column":8},"end":{"line":105,"column":72}},"22":{"start":{"line":108,"column":8},"end":{"line":108,"column":69}},"23":{"start":{"line":110,"column":8},"end":{"line":110,"column":29}},"24":{"start":{"line":111,"column":8},"end":{"line":111,"column":32}},"25":{"start":{"line":112,"column":8},"end":{"line":112,"column":42}},"26":{"start":{"line":113,"column":8},"end":{"line":113,"column":52}},"27":{"start":{"line":114,"column":8},"end":{"line":114,"column":66}},"28":{"start":{"line":115,"column":8},"end":{"line":115,"column":46}},"29":{"start":{"line":116,"column":8},"end":{"line":116,"column":31}},"30":{"start":{"line":119,"column":8},"end":{"line":119,"column":87}},"31":{"start":{"line":122,"column":8},"end":{"line":122,"column":44}},"32":{"start":{"line":124,"column":8},"end":{"line":124,"column":122}},"33":{"start":{"line":126,"column":8},"end":{"line":126,"column":80}},"34":{"start":{"line":133,"column":8},"end":{"line":133,"column":33}},"35":{"start":{"line":134,"column":8},"end":{"line":134,"column":42}},"36":{"start":{"line":135,"column":8},"end":{"line":135,"column":58}},"37":{"start":{"line":136,"column":8},"end":{"line":136,"column":72}},"38":{"start":{"line":138,"column":8},"end":{"line":138,"column":122}},"39":{"start":{"line":139,"column":8},"end":{"line":139,"column":74}},"40":{"start":{"line":145,"column":8},"end":{"line":145,"column":44}},"41":{"start":{"line":146,"column":8},"end":{"line":146,"column":35}},"42":{"start":{"line":147,"column":8},"end":{"line":147,"column":34}},"43":{"start":{"line":149,"column":8},"end":{"line":149,"column":49}},"44":{"start":{"line":150,"column":8},"end":{"line":150,"column":139}},"45":{"start":{"line":152,"column":8},"end":{"line":152,"column":6622}},"46":{"start":{"line":154,"column":12},"end":{"line":154,"column":38}},"47":{"start":{"line":156,"column":12},"end":{"line":156,"column":39}},"48":{"start":{"line":160,"column":8},"end":{"line":160,"column":80}},"49":{"start":{"line":161,"column":8},"end":{"line":161,"column":101}},"50":{"start":{"line":164,"column":8},"end":{"line":164,"column":7218}},"51":{"start":{"line":168,"column":8},"end":{"line":168,"column":31}},"52":{"start":{"line":174,"column":8},"end":{"line":174,"column":33}},"53":{"start":{"line":176,"column":8},"end":{"line":176,"column":49}},"54":{"start":{"line":177,"column":8},"end":{"line":177,"column":94}},"55":{"start":{"line":179,"column":8},"end":{"line":179,"column":93}},"56":{"start":{"line":181,"column":8},"end":{"line":181,"column":7905}},"57":{"start":{"line":185,"column":8},"end":{"line":185,"column":70}},"58":{"start":{"line":186,"column":8},"end":{"line":186,"column":73}},"59":{"start":{"line":189,"column":8},"end":{"line":189,"column":8347}},"60":{"start":{"line":193,"column":8},"end":{"line":193,"column":74}},"61":{"start":{"line":196,"column":8},"end":{"line":196,"column":75}},"62":{"start":{"line":202,"column":8},"end":{"line":202,"column":45}},"63":{"start":{"line":203,"column":8},"end":{"line":203,"column":42}},"64":{"start":{"line":206,"column":8},"end":{"line":206,"column":92}},"65":{"start":{"line":207,"column":8},"end":{"line":207,"column":94}},"66":{"start":{"line":208,"column":8},"end":{"line":208,"column":103}},"67":{"start":{"line":210,"column":8},"end":{"line":210,"column":9306}},"68":{"start":{"line":213,"column":8},"end":{"line":213,"column":9393}},"69":{"start":{"line":214,"column":12},"end":{"line":214,"column":101}},"70":{"start":{"line":215,"column":12},"end":{"line":215,"column":77}},"71":{"start":{"line":217,"column":8},"end":{"line":217,"column":9614}},"72":{"start":{"line":218,"column":12},"end":{"line":218,"column":102}},"73":{"start":{"line":219,"column":12},"end":{"line":219,"column":79}},"74":{"start":{"line":230,"column":7},"end":{"line":230,"column":39}},"75":{"start":{"line":235,"column":7},"end":{"line":235,"column":38}},"76":{"start":{"line":240,"column":7},"end":{"line":240,"column":40}},"77":{"start":{"line":245,"column":7},"end":{"line":245,"column":38}},"78":{"start":{"line":249,"column":7},"end":{"line":249,"column":37}},"79":{"start":{"line":254,"column":7},"end":{"line":254,"column":52}},"80":{"start":{"line":259,"column":7},"end":{"line":259,"column":43}},"81":{"start":{"line":264,"column":7},"end":{"line":264,"column":43}},"82":{"start":{"line":268,"column":7},"end":{"line":268,"column":19}}},"branchMap":{"1":{"line":38,"type":"if","locations":[{"start":{"line":38,"column":8},"end":{"line":38,"column":8}},{"start":{"line":38,"column":8},"end":{"line":38,"column":8}}]},"2":{"line":42,"type":"if","locations":[{"start":{"line":42,"column":8},"end":{"line":42,"column":8}},{"start":{"line":42,"column":8},"end":{"line":42,"column":8}}]},"3":{"line":47,"type":"if","locations":[{"start":{"line":47,"column":8},"end":{"line":47,"column":8}},{"start":{"line":47,"column":8},"end":{"line":47,"column":8}}]},"4":{"line":61,"type":"if","locations":[{"start":{"line":61,"column":8},"end":{"line":61,"column":8}},{"start":{"line":61,"column":8},"end":{"line":61,"column":8}}]},"5":{"line":66,"type":"if","locations":[{"start":{"line":66,"column":8},"end":{"line":66,"column":8}},{"start":{"line":66,"column":8},"end":{"line":66,"column":8}}]},"6":{"line":67,"type":"if","locations":[{"start":{"line":67,"column":12},"end":{"line":67,"column":12}},{"start":{"line":67,"column":12},"end":{"line":67,"column":12}}]},"7":{"line":69,"type":"if","locations":[{"start":{"line":69,"column":12},"end":{"line":69,"column":12}},{"start":{"line":69,"column":12},"end":{"line":69,"column":12}}]},"8":{"line":75,"type":"if","locations":[{"start":{"line":75,"column":8},"end":{"line":75,"column":8}},{"start":{"line":75,"column":8},"end":{"line":75,"column":8}}]},"9":{"line":76,"type":"if","locations":[{"start":{"line":76,"column":12},"end":{"line":76,"column":12}},{"start":{"line":76,"column":12},"end":{"line":76,"column":12}}]},"10":{"line":78,"type":"if","locations":[{"start":{"line":78,"column":12},"end":{"line":78,"column":12}},{"start":{"line":78,"column":12},"end":{"line":78,"column":12}}]},"11":{"line":82,"type":"if","locations":[{"start":{"line":82,"column":8},"end":{"line":82,"column":8}},{"start":{"line":82,"column":8},"end":{"line":82,"column":8}}]},"12":{"line":83,"type":"if","locations":[{"start":{"line":83,"column":12},"end":{"line":83,"column":12}},{"start":{"line":83,"column":12},"end":{"line":83,"column":12}}]},"13":{"line":85,"type":"if","locations":[{"start":{"line":85,"column":12},"end":{"line":85,"column":12}},{"start":{"line":85,"column":12},"end":{"line":85,"column":12}}]},"14":{"line":89,"type":"if","locations":[{"start":{"line":89,"column":8},"end":{"line":89,"column":8}},{"start":{"line":89,"column":8},"end":{"line":89,"column":8}}]},"15":{"line":90,"type":"if","locations":[{"start":{"line":90,"column":12},"end":{"line":90,"column":12}},{"start":{"line":90,"column":12},"end":{"line":90,"column":12}}]},"16":{"line":92,"type":"if","locations":[{"start":{"line":92,"column":12},"end":{"line":92,"column":12}},{"start":{"line":92,"column":12},"end":{"line":92,"column":12}}]},"17":{"line":152,"type":"if","locations":[{"start":{"line":152,"column":8},"end":{"line":152,"column":8}},{"start":{"line":152,"column":8},"end":{"line":152,"column":8}}]},"18":{"line":179,"type":"if","locations":[{"start":{"line":179,"column":8},"end":{"line":179,"column":8}},{"start":{"line":179,"column":8},"end":{"line":179,"column":8}}]},"19":{"line":181,"type":"if","locations":[{"start":{"line":181,"column":8},"end":{"line":181,"column":8}},{"start":{"line":181,"column":8},"end":{"line":181,"column":8}}]},"20":{"line":208,"type":"if","locations":[{"start":{"line":208,"column":8},"end":{"line":208,"column":8}},{"start":{"line":208,"column":8},"end":{"line":208,"column":8}}]},"21":{"line":210,"type":"if","locations":[{"start":{"line":210,"column":8},"end":{"line":210,"column":8}},{"start":{"line":210,"column":8},"end":{"line":210,"column":8}}]},"22":{"line":213,"type":"if","locations":[{"start":{"line":213,"column":8},"end":{"line":213,"column":8}},{"start":{"line":213,"column":8},"end":{"line":213,"column":8}}]},"23":{"line":217,"type":"if","locations":[{"start":{"line":217,"column":8},"end":{"line":217,"column":8}},{"start":{"line":217,"column":8},"end":{"line":217,"column":8}}]}}},
"contracts/OPUSDToken.sol":{"l":{"14":1,"18":28,"19":28,"20":28,"24":18,"25":18},"path":"/Users/tadhgriordan/Documents/Work/OpenPredict/GitHub/TrustPredict/contracts/OPUSDToken.sol","s":{"1":1,"2":28,"3":28,"4":28,"5":18,"6":18},"b":{"1":[28,0]},"f":{"1":1,"2":28,"3":18},"fnMap":{"1":{"name":"constructor","line":13,"loc":{"start":{"line":13,"column":4},"end":{"line":15,"column":4}}},"2":{"name":"mint","line":17,"loc":{"start":{"line":17,"column":4},"end":{"line":21,"column":4}}},"3":{"name":"burn","line":23,"loc":{"start":{"line":23,"column":4},"end":{"line":26,"column":4}}}},"statementMap":{"1":{"start":{"line":14,"column":8},"end":{"line":14,"column":39}},"2":{"start":{"line":18,"column":8},"end":{"line":18,"column":57}},"3":{"start":{"line":19,"column":8},"end":{"line":19,"column":23}},"4":{"start":{"line":20,"column":8},"end":{"line":20,"column":19}},"5":{"start":{"line":24,"column":8},"end":{"line":24,"column":28}},"6":{"start":{"line":25,"column":8},"end":{"line":25,"column":19}}},"branchMap":{"1":{"line":18,"type":"if","locations":[{"start":{"line":18,"column":8},"end":{"line":18,"column":8}},{"start":{"line":18,"column":8},"end":{"line":18,"column":8}}]}}},
"contracts/Oracle.sol":{"l":{"26":2,"27":2,"32":2,"40":1,"41":0,"42":1,"48":1,"49":1,"50":1,"51":1,"52":1,"53":1,"54":1,"55":1,"56":1,"57":1,"58":1,"59":1,"60":1,"61":1,"62":1,"63":1,"64":1,"65":1,"66":1,"76":2,"77":2,"79":2,"80":0,"85":0,"86":0,"87":0,"89":2,"99":0,"100":0,"101":0,"105":0,"112":0,"114":0,"121":0,"125":0},"path":"/Users/tadhgriordan/Documents/Work/OpenPredict/GitHub/TrustPredict/contracts/Oracle.sol","s":{"1":2,"2":2,"3":2,"4":1,"5":0,"6":1,"7":1,"8":1,"9":1,"10":1,"11":1,"12":1,"13":1,"14":1,"15":1,"16":1,"17":1,"18":1,"19":1,"20":1,"21":1,"22":1,"23":1,"24":1,"25":1,"26":2,"27":2,"28":2,"29":0,"30":0,"31":0,"32":0,"33":2,"34":0,"35":0,"36":0,"37":0,"38":0,"39":0,"40":0},"b":{"1":[2,0],"2":[2,0],"3":[0,1],"4":[0,2],"5":[0,0]},"f":{"1":2,"2":2,"3":1,"4":1,"5":2,"6":0,"7":0,"8":0,"9":0},"fnMap":{"1":{"name":"_validPriceAggregator","line":24,"loc":{"start":{"line":24,"column":4},"end":{"line":29,"column":4}}},"2":{"name":"_hasGrantedAllowance","line":31,"loc":{"start":{"line":31,"column":4},"end":{"line":34,"column":4}}},"3":{"name":"constructor","line":38,"loc":{"start":{"line":38,"column":4},"end":{"line":43,"column":4}}},"4":{"name":"setPriceAggregators","line":47,"loc":{"start":{"line":47,"column":4},"end":{"line":67,"column":4}}},"5":{"name":"newRequest","line":72,"loc":{"start":{"line":72,"column":4},"end":{"line":90,"column":4}}},"6":{"name":"fullfillRequest","line":96,"loc":{"start":{"line":95,"column":4},"end":{"line":106,"column":4}}},"7":{"name":"getPairing","line":111,"loc":{"start":{"line":111,"column":4},"end":{"line":115,"column":4}}},"8":{"name":"getLatestPrice","line":120,"loc":{"start":{"line":120,"column":4},"end":{"line":122,"column":4}}},"9":{"name":"stringToBytes32","line":124,"loc":{"start":{"line":124,"column":4},"end":{"line":128,"column":4}}}},"statementMap":{"1":{"start":{"line":26,"column":8},"end":{"line":26,"column":67}},"2":{"start":{"line":27,"column":8},"end":{"line":27,"column":1095}},"3":{"start":{"line":32,"column":8},"end":{"line":32,"column":1241}},"4":{"start":{"line":40,"column":8},"end":{"line":40,"column":1443}},"5":{"start":{"line":41,"column":12},"end":{"line":41,"column":36}},"6":{"start":{"line":42,"column":8},"end":{"line":42,"column":28}},"7":{"start":{"line":48,"column":8},"end":{"line":48,"column":96}},"8":{"start":{"line":49,"column":8},"end":{"line":49,"column":96}},"9":{"start":{"line":50,"column":8},"end":{"line":50,"column":96}},"10":{"start":{"line":51,"column":8},"end":{"line":51,"column":96}},"11":{"start":{"line":52,"column":8},"end":{"line":52,"column":96}},"12":{"start":{"line":53,"column":8},"end":{"line":53,"column":96}},"13":{"start":{"line":54,"column":8},"end":{"line":54,"column":96}},"14":{"start":{"line":55,"column":8},"end":{"line":55,"column":96}},"15":{"start":{"line":56,"column":8},"end":{"line":56,"column":96}},"16":{"start":{"line":57,"column":8},"end":{"line":57,"column":96}},"17":{"start":{"line":58,"column":8},"end":{"line":58,"column":96}},"18":{"start":{"line":59,"column":8},"end":{"line":59,"column":96}},"19":{"start":{"line":60,"column":8},"end":{"line":60,"column":96}},"20":{"start":{"line":61,"column":8},"end":{"line":61,"column":96}},"21":{"start":{"line":62,"column":8},"end":{"line":62,"column":96}},"22":{"start":{"line":63,"column":8},"end":{"line":63,"column":96}},"23":{"start":{"line":64,"column":8},"end":{"line":64,"column":96}},"24":{"start":{"line":65,"column":8},"end":{"line":65,"column":96}},"25":{"start":{"line":66,"column":8},"end":{"line":66,"column":96}},"26":{"start":{"line":76,"column":8},"end":{"line":76,"column":46}},"27":{"start":{"line":77,"column":8},"end":{"line":77,"column":29}},"28":{"start":{"line":79,"column":8},"end":{"line":79,"column":3761}},"29":{"start":{"line":80,"column":12},"end":{"line":80,"column":3827}},"30":{"start":{"line":85,"column":12},"end":{"line":85,"column":39}},"31":{"start":{"line":86,"column":12},"end":{"line":86,"column":79}},"32":{"start":{"line":87,"column":12},"end":{"line":87,"column":42}},"33":{"start":{"line":89,"column":8},"end":{"line":89,"column":19}},"34":{"start":{"line":99,"column":8},"end":{"line":99,"column":45}},"35":{"start":{"line":100,"column":8},"end":{"line":100,"column":41}},"36":{"start":{"line":101,"column":8},"end":{"line":101,"column":4523}},"37":{"start":{"line":105,"column":8},"end":{"line":105,"column":64}},"38":{"start":{"line":112,"column":8},"end":{"line":112,"column":46}},"39":{"start":{"line":114,"column":8},"end":{"line":114,"column":55}},"40":{"start":{"line":121,"column":8},"end":{"line":121,"column":67}}},"branchMap":{"1":{"line":27,"type":"if","locations":[{"start":{"line":27,"column":8},"end":{"line":27,"column":8}},{"start":{"line":27,"column":8},"end":{"line":27,"column":8}}]},"2":{"line":32,"type":"if","locations":[{"start":{"line":32,"column":8},"end":{"line":32,"column":8}},{"start":{"line":32,"column":8},"end":{"line":32,"column":8}}]},"3":{"line":40,"type":"if","locations":[{"start":{"line":40,"column":8},"end":{"line":40,"column":8}},{"start":{"line":40,"column":8},"end":{"line":40,"column":8}}]},"4":{"line":79,"type":"if","locations":[{"start":{"line":79,"column":8},"end":{"line":79,"column":8}},{"start":{"line":79,"column":8},"end":{"line":79,"column":8}}]},"5":{"line":105,"type":"if","locations":[{"start":{"line":105,"column":8},"end":{"line":105,"column":8}},{"start":{"line":105,"column":8},"end":{"line":105,"column":8}}]}}},
"contracts/TrustPredictToken.sol":{"l":{"30":15,"38":2,"41":2,"42":2,"43":2,"44":2,"48":11,"50":11,"51":11,"52":11,"56":0,"58":0,"59":0,"63":28,"64":28,"65":28,"69":2,"71":2,"72":2,"78":13,"82":32,"86":61},"path":"/Users/tadhgriordan/Documents/Work/OpenPredict/GitHub/TrustPredict/contracts/TrustPredictToken.sol","s":{"1":15,"2":2,"3":2,"4":2,"5":2,"6":2,"7":11,"8":11,"9":11,"10":11,"11":0,"12":0,"13":0,"14":28,"15":28,"16":28,"17":2,"18":2,"19":2,"20":13,"21":32,"22":61},"b":{"1":[15,0]},"f":{"1":15,"2":1,"3":2,"4":11,"5":0,"6":28,"7":2,"8":13,"9":32,"10":61},"fnMap":{"1":{"name":"onlyEvent","line":29,"loc":{"start":{"line":29,"column":4},"end":{"line":32,"column":4}}},"2":{"name":"constructor","line":35,"loc":{"start":{"line":35,"column":4},"end":{"line":35,"column":56}}},"3":{"name":"createTokens","line":37,"loc":{"start":{"line":37,"column":4},"end":{"line":45,"column":4}}},"4":{"name":"mint","line":47,"loc":{"start":{"line":47,"column":4},"end":{"line":53,"column":4}}},"5":{"name":"transferFrom","line":55,"loc":{"start":{"line":55,"column":4},"end":{"line":60,"column":4}}},"6":{"name":"balanceOfAddress","line":62,"loc":{"start":{"line":62,"column":4},"end":{"line":66,"column":4}}},"7":{"name":"burn","line":68,"loc":{"start":{"line":68,"column":4},"end":{"line":73,"column":4}}},"8":{"name":"getTokenID","line":77,"loc":{"start":{"line":77,"column":4},"end":{"line":79,"column":4}}},"9":{"name":"getToken","line":81,"loc":{"start":{"line":81,"column":4},"end":{"line":83,"column":4}}},"10":{"name":"getTokenBalance","line":85,"loc":{"start":{"line":85,"column":4},"end":{"line":87,"column":4}}}},"statementMap":{"1":{"start":{"line":30,"column":8},"end":{"line":30,"column":869}},"2":{"start":{"line":38,"column":8},"end":{"line":38,"column":18}},"3":{"start":{"line":41,"column":8},"end":{"line":41,"column":124}},"4":{"start":{"line":42,"column":8},"end":{"line":42,"column":125}},"5":{"start":{"line":43,"column":8},"end":{"line":43,"column":38}},"6":{"start":{"line":44,"column":8},"end":{"line":44,"column":19}},"7":{"start":{"line":48,"column":8},"end":{"line":48,"column":18}},"8":{"start":{"line":50,"column":8},"end":{"line":50,"column":83}},"9":{"start":{"line":51,"column":8},"end":{"line":51,"column":76}},"10":{"start":{"line":52,"column":8},"end":{"line":52,"column":19}},"11":{"start":{"line":56,"column":8},"end":{"line":56,"column":18}},"12":{"start":{"line":58,"column":8},"end":{"line":58,"column":91}},"13":{"start":{"line":59,"column":8},"end":{"line":59,"column":19}},"14":{"start":{"line":63,"column":8},"end":{"line":63,"column":59}},"15":{"start":{"line":64,"column":8},"end":{"line":64,"column":26}},"16":{"start":{"line":65,"column":8},"end":{"line":65,"column":45}},"17":{"start":{"line":69,"column":8},"end":{"line":69,"column":18}},"18":{"start":{"line":71,"column":8},"end":{"line":71,"column":76}},"19":{"start":{"line":72,"column":8},"end":{"line":72,"column":19}},"20":{"start":{"line":78,"column":8},"end":{"line":78,"column":56}},"21":{"start":{"line":82,"column":8},"end":{"line":82,"column":66}},"22":{"start":{"line":86,"column":8},"end":{"line":86,"column":74}}},"branchMap":{"1":{"line":30,"type":"if","locations":[{"start":{"line":30,"column":8},"end":{"line":30,"column":8}},{"start":{"line":30,"column":8},"end":{"line":30,"column":8}}]}}},
"contracts/Utils.sol":{"l":{"16":26,"20":2,"24":1,"28":16,"32":15,"38":4,"42":4,"46":13,"56":1,"60":81,"66":24,"70":2,"71":2,"77":2,"78":2,"90":0,"99":13,"100":13,"106":0,"107":0,"113":32,"114":32,"120":0,"121":0,"122":0,"125":0,"136":2,"140":2,"141":2,"145":0,"149":0,"150":0,"154":0,"158":0,"159":0,"168":11,"172":11,"176":4,"180":4,"184":13,"188":13,"189":13,"190":13,"199":2,"203":2,"207":11,"211":11,"215":2,"219":2,"224":0,"228":0,"232":61,"236":61,"237":61,"243":24,"247":10,"251":10,"252":10,"258":2,"262":2,"263":2},"path":"/Users/tadhgriordan/Documents/Work/OpenPredict/GitHub/TrustPredict/contracts/Utils.sol","s":{"1":26,"2":2,"3":1,"4":16,"5":15,"6":4,"7":4,"8":13,"9":1,"10":81,"11":24,"12":2,"13":2,"14":0,"15":2,"16":2,"17":0,"18":0,"19":0,"20":0,"21":0,"22":0,"23":0,"24":2,"25":13,"26":0,"27":32,"28":0,"29":0,"30":0,"31":2,"32":2,"33":2,"34":0,"35":0,"36":0,"37":0,"38":0,"39":0,"40":11,"41":11,"42":4,"43":4,"44":13,"45":13,"46":13,"47":13,"48":2,"49":2,"50":11,"51":11,"52":2,"53":2,"54":0,"55":0,"56":61,"57":61,"58":24,"59":10,"60":10,"61":2,"62":2},"b":{"1":[0,2],"2":[2,0],"3":[0,0],"4":[0,0],"5":[0,0],"6":[13,0],"7":[0,0],"8":[32,0],"9":[0,0],"10":[2,0],"11":[0,0],"12":[0,0],"13":[11,0],"14":[4,0],"15":[13,0],"16":[2,0],"17":[11,0],"18":[2,0],"19":[0,0],"20":[61,0],"21":[10,0],"22":[2,0]},"f":{"1":26,"2":2,"3":1,"4":16,"5":15,"6":4,"7":4,"8":13,"9":1,"10":81,"11":24,"12":2,"13":0,"14":13,"15":0,"16":32,"17":0,"18":2,"19":0,"20":0,"21":11,"22":4,"23":13,"24":2,"25":11,"26":2,"27":0,"28":61,"29":24,"30":10,"31":2},"fnMap":{"1":{"name":"GetOPUSDAddress","line":15,"loc":{"start":{"line":15,"column":4},"end":{"line":17,"column":4}}},"2":{"name":"GetChainLinkAddress","line":19,"loc":{"start":{"line":19,"column":4},"end":{"line":21,"column":4}}},"3":{"name":"GetOracleAddress","line":23,"loc":{"start":{"line":23,"column":4},"end":{"line":25,"column":4}}},"4":{"name":"GetTrustPredictAddress","line":27,"loc":{"start":{"line":27,"column":4},"end":{"line":29,"column":4}}},"5":{"name":"GetOPEventFactoryAddress","line":31,"loc":{"start":{"line":31,"column":4},"end":{"line":33,"column":4}}},"6":{"name":"GetNetwork","line":37,"loc":{"start":{"line":37,"column":4},"end":{"line":39,"column":4}}},"7":{"name":"GetDepositPeriod","line":41,"loc":{"start":{"line":41,"column":4},"end":{"line":43,"column":4}}},"8":{"name":"GetMinimumTokenAmountPerEvent","line":45,"loc":{"start":{"line":45,"column":4},"end":{"line":47,"column":4}}},"9":{"name":"getOtherToken","line":55,"loc":{"start":{"line":55,"column":4},"end":{"line":57,"column":4}}},"10":{"name":"compare","line":59,"loc":{"start":{"line":59,"column":4},"end":{"line":61,"column":4}}},"11":{"name":"convertToOPUSDAmount","line":63,"loc":{"start":{"line":63,"column":4},"end":{"line":67,"column":4}}},"12":{"name":"addressFrom","line":69,"loc":{"start":{"line":69,"column":4},"end":{"line":82,"column":4}}},"13":{"name":"bytesToString","line":89,"loc":{"start":{"line":89,"column":4},"end":{"line":96,"column":4}}},"14":{"name":"bytesToUint","line":98,"loc":{"start":{"line":98,"column":4},"end":{"line":103,"column":4}}},"15":{"name":"bytesToInt","line":105,"loc":{"start":{"line":105,"column":4},"end":{"line":110,"column":4}}},"16":{"name":"bytesToBool","line":112,"loc":{"start":{"line":112,"column":4},"end":{"line":117,"column":4}}},"17":{"name":"stringToBytes32","line":119,"loc":{"start":{"line":119,"column":4},"end":{"line":128,"column":4}}},"18":{"name":"newRequest","line":135,"loc":{"start":{"line":135,"column":4},"end":{"line":142,"column":4}}},"19":{"name":"getLatestPrice","line":144,"loc":{"start":{"line":144,"column":4},"end":{"line":151,"column":4}}},"20":{"name":"getPairing","line":153,"loc":{"start":{"line":153,"column":4},"end":{"line":160,"column":4}}},"21":{"name":"transferFrom","line":167,"loc":{"start":{"line":167,"column":4},"end":{"line":173,"column":4}}},"22":{"name":"transfer","line":175,"loc":{"start":{"line":175,"column":4},"end":{"line":181,"column":4}}},"23":{"name":"allowance","line":183,"loc":{"start":{"line":183,"column":4},"end":{"line":191,"column":4}}},"24":{"name":"createTokens","line":198,"loc":{"start":{"line":198,"column":3},"end":{"line":204,"column":4}}},"25":{"name":"mint","line":206,"loc":{"start":{"line":206,"column":3},"end":{"line":212,"column":4}}},"26":{"name":"burn","line":214,"loc":{"start":{"line":214,"column":4},"end":{"line":220,"column":4}}},"27":{"name":"transferFrom","line":223,"loc":{"start":{"line":223,"column":4},"end":{"line":229,"column":4}}},"28":{"name":"getTokenBalance","line":231,"loc":{"start":{"line":231,"column":4},"end":{"line":240,"column":4}}},"29":{"name":"getTotalSupply","line":242,"loc":{"start":{"line":242,"column":4},"end":{"line":244,"column":4}}},"30":{"name":"balanceOfAddress","line":246,"loc":{"start":{"line":246,"column":4},"end":{"line":255,"column":4}}},"31":{"name":"isApprovedForAll","line":257,"loc":{"start":{"line":257,"column":4},"end":{"line":266,"column":4}}}},"statementMap":{"1":{"start":{"line":16,"column":8},"end":{"line":16,"column":133}},"2":{"start":{"line":20,"column":8},"end":{"line":20,"column":133}},"3":{"start":{"line":24,"column":8},"end":{"line":24,"column":133}},"4":{"start":{"line":28,"column":8},"end":{"line":28,"column":133}},"5":{"start":{"line":32,"column":8},"end":{"line":32,"column":133}},"6":{"start":{"line":38,"column":8},"end":{"line":38,"column":22}},"7":{"start":{"line":42,"column":8},"end":{"line":42,"column":62}},"8":{"start":{"line":46,"column":8},"end":{"line":46,"column":109}},"9":{"start":{"line":56,"column":8},"end":{"line":56,"column":58}},"10":{"start":{"line":60,"column":8},"end":{"line":60,"column":85}},"11":{"start":{"line":66,"column":8},"end":{"line":66,"column":46}},"12":{"start":{"line":70,"column":8},"end":{"line":70,"column":25}},"13":{"start":{"line":71,"column":8},"end":{"line":71,"column":3035}},"14":{"start":{"line":71,"column":36},"end":{"line":71,"column":103}},"15":{"start":{"line":72,"column":13},"end":{"line":72,"column":3146}},"16":{"start":{"line":72,"column":36},"end":{"line":72,"column":106}},"17":{"start":{"line":73,"column":13},"end":{"line":73,"column":3255}},"18":{"start":{"line":73,"column":36},"end":{"line":73,"column":118}},"19":{"start":{"line":74,"column":13},"end":{"line":74,"column":3376}},"20":{"start":{"line":74,"column":36},"end":{"line":74,"column":119}},"21":{"start":{"line":75,"column":13},"end":{"line":75,"column":3498}},"22":{"start":{"line":75,"column":36},"end":{"line":75,"column":119}},"23":{"start":{"line":76,"column":36},"end":{"line":76,"column":119}},"24":{"start":{"line":77,"column":8},"end":{"line":77,"column":38}},"25":{"start":{"line":99,"column":8},"end":{"line":99,"column":57}},"26":{"start":{"line":106,"column":8},"end":{"line":106,"column":57}},"27":{"start":{"line":113,"column":8},"end":{"line":113,"column":57}},"28":{"start":{"line":120,"column":8},"end":{"line":120,"column":57}},"29":{"start":{"line":121,"column":8},"end":{"line":121,"column":5312}},"30":{"start":{"line":122,"column":12},"end":{"line":122,"column":22}},"31":{"start":{"line":136,"column":8},"end":{"line":136,"column":5842}},"32":{"start":{"line":140,"column":8},"end":{"line":140,"column":79}},"33":{"start":{"line":141,"column":8},"end":{"line":141,"column":34}},"34":{"start":{"line":145,"column":8},"end":{"line":145,"column":6263}},"35":{"start":{"line":149,"column":8},"end":{"line":149,"column":83}},"36":{"start":{"line":150,"column":8},"end":{"line":150,"column":33}},"37":{"start":{"line":154,"column":8},"end":{"line":154,"column":6660}},"38":{"start":{"line":158,"column":8},"end":{"line":158,"column":79}},"39":{"start":{"line":159,"column":8},"end":{"line":159,"column":36}},"40":{"start":{"line":168,"column":8},"end":{"line":168,"column":7271}},"41":{"start":{"line":172,"column":8},"end":{"line":172,"column":101}},"42":{"start":{"line":176,"column":8},"end":{"line":176,"column":7666}},"43":{"start":{"line":180,"column":8},"end":{"line":180,"column":97}},"44":{"start":{"line":184,"column":8},"end":{"line":184,"column":8048}},"45":{"start":{"line":188,"column":8},"end":{"line":188,"column":75}},"46":{"start":{"line":189,"column":8},"end":{"line":189,"column":45}},"47":{"start":{"line":190,"column":8},"end":{"line":190,"column":25}},"48":{"start":{"line":199,"column":8},"end":{"line":199,"column":8666}},"49":{"start":{"line":203,"column":8},"end":{"line":203,"column":113}},"50":{"start":{"line":207,"column":8},"end":{"line":207,"column":9061}},"51":{"start":{"line":211,"column":8},"end":{"line":211,"column":105}},"52":{"start":{"line":215,"column":8},"end":{"line":215,"column":9501}},"53":{"start":{"line":219,"column":8},"end":{"line":219,"column":105}},"54":{"start":{"line":224,"column":8},"end":{"line":224,"column":9960}},"55":{"start":{"line":228,"column":8},"end":{"line":228,"column":113}},"56":{"start":{"line":232,"column":8},"end":{"line":232,"column":10424}},"57":{"start":{"line":236,"column":8},"end":{"line":236,"column":93}},"58":{"start":{"line":243,"column":8},"end":{"line":243,"column":116}},"59":{"start":{"line":247,"column":8},"end":{"line":247,"column":11138}},"60":{"start":{"line":251,"column":8},"end":{"line":251,"column":94}},"61":{"start":{"line":258,"column":8},"end":{"line":258,"column":11621}},"62":{"start":{"line":262,"column":8},"end":{"line":262,"column":94}}},"branchMap":{"1":{"line":71,"type":"if","locations":[{"start":{"line":71,"column":8},"end":{"line":71,"column":8}},{"start":{"line":71,"column":8},"end":{"line":71,"column":8}}]},"2":{"line":72,"type":"if","locations":[{"start":{"line":72,"column":13},"end":{"line":72,"column":13}},{"start":{"line":72,"column":13},"end":{"line":72,"column":13}}]},"3":{"line":73,"type":"if","locations":[{"start":{"line":73,"column":13},"end":{"line":73,"column":13}},{"start":{"line":73,"column":13},"end":{"line":73,"column":13}}]},"4":{"line":74,"type":"if","locations":[{"start":{"line":74,"column":13},"end":{"line":74,"column":13}},{"start":{"line":74,"column":13},"end":{"line":74,"column":13}}]},"5":{"line":75,"type":"if","locations":[{"start":{"line":75,"column":13},"end":{"line":75,"column":13}},{"start":{"line":75,"column":13},"end":{"line":75,"column":13}}]},"6":{"line":99,"type":"if","locations":[{"start":{"line":99,"column":8},"end":{"line":99,"column":8}},{"start":{"line":99,"column":8},"end":{"line":99,"column":8}}]},"7":{"line":106,"type":"if","locations":[{"start":{"line":106,"column":8},"end":{"line":106,"column":8}},{"start":{"line":106,"column":8},"end":{"line":106,"column":8}}]},"8":{"line":113,"type":"if","locations":[{"start":{"line":113,"column":8},"end":{"line":113,"column":8}},{"start":{"line":113,"column":8},"end":{"line":113,"column":8}}]},"9":{"line":121,"type":"if","locations":[{"start":{"line":121,"column":8},"end":{"line":121,"column":8}},{"start":{"line":121,"column":8},"end":{"line":121,"column":8}}]},"10":{"line":140,"type":"if","locations":[{"start":{"line":140,"column":8},"end":{"line":140,"column":8}},{"start":{"line":140,"column":8},"end":{"line":140,"column":8}}]},"11":{"line":149,"type":"if","locations":[{"start":{"line":149,"column":8},"end":{"line":149,"column":8}},{"start":{"line":149,"column":8},"end":{"line":149,"column":8}}]},"12":{"line":158,"type":"if","locations":[{"start":{"line":158,"column":8},"end":{"line":158,"column":8}},{"start":{"line":158,"column":8},"end":{"line":158,"column":8}}]},"13":{"line":172,"type":"if","locations":[{"start":{"line":172,"column":8},"end":{"line":172,"column":8}},{"start":{"line":172,"column":8},"end":{"line":172,"column":8}}]},"14":{"line":180,"type":"if","locations":[{"start":{"line":180,"column":8},"end":{"line":180,"column":8}},{"start":{"line":180,"column":8},"end":{"line":180,"column":8}}]},"15":{"line":188,"type":"if","locations":[{"start":{"line":188,"column":8},"end":{"line":188,"column":8}},{"start":{"line":188,"column":8},"end":{"line":188,"column":8}}]},"16":{"line":203,"type":"if","locations":[{"start":{"line":203,"column":8},"end":{"line":203,"column":8}},{"start":{"line":203,"column":8},"end":{"line":203,"column":8}}]},"17":{"line":211,"type":"if","locations":[{"start":{"line":211,"column":8},"end":{"line":211,"column":8}},{"start":{"line":211,"column":8},"end":{"line":211,"column":8}}]},"18":{"line":219,"type":"if","locations":[{"start":{"line":219,"column":8},"end":{"line":219,"column":8}},{"start":{"line":219,"column":8},"end":{"line":219,"column":8}}]},"19":{"line":228,"type":"if","locations":[{"start":{"line":228,"column":8},"end":{"line":228,"column":8}},{"start":{"line":228,"column":8},"end":{"line":228,"column":8}}]},"20":{"line":236,"type":"if","locations":[{"start":{"line":236,"column":8},"end":{"line":236,"column":8}},{"start":{"line":236,"column":8},"end":{"line":236,"column":8}}]},"21":{"line":251,"type":"if","locations":[{"start":{"line":251,"column":8},"end":{"line":251,"column":8}},{"start":{"line":251,"column":8},"end":{"line":251,"column":8}}]},"22":{"line":262,"type":"if","locations":[{"start":{"line":262,"column":8},"end":{"line":262,"column":8}},{"start":{"line":262,"column":8},"end":{"line":262,"column":8}}]}}}}
