TN:
SF:/Users/tadhgriordan/Documents/Work/OpenPredict/GitHub/TrustPredict/contracts/ChainLinkToken.sol
FN:6,constructor
FNF:1
FNH:1
FNDA:1,constructor
DA:7,1
LF:1
LH:1
BRF:0
BRH:0
end_of_record
TN:
SF:/Users/tadhgriordan/Documents/Work/OpenPredict/GitHub/TrustPredict/contracts/OPEventFactory.sol
FN:35,_validEventPeriod
FN:46,_hasGrantedAllowance
FN:51,_correctWeight
FN:65,_minimumTimeReached
FN:73,_minimumAmountReached
FN:81,_isSettled
FN:88,_isConcluded
FN:97,createOPEvent
FN:130,stake
FN:142,settle
FN:171,claim
FN:199,revoke
FN:228,getBetPrice
FN:233,getBetSide
FN:238,getStartTime
FN:243,getEndTime
FN:248,getWinner
FN:252,getAmountPerWinningToken
FN:257,getSettledPrice
FN:262,getEventSettled
FN:267,getNonce
FNF:21
FNH:14
FNDA:2,_validEventPeriod
FNDA:11,_hasGrantedAllowance
FNDA:11,_correctWeight
FNDA:13,_minimumTimeReached
FNDA:13,_minimumAmountReached
FNDA:30,_isSettled
FNDA:5,_isConcluded
FNDA:2,createOPEvent
FNDA:15,stake
FNDA:9,settle
FNDA:12,claim
FNDA:4,revoke
FNDA:0,getBetPrice
FNDA:0,getBetSide
FNDA:0,getStartTime
FNDA:0,getEndTime
FNDA:0,getWinner
FNDA:1,getAmountPerWinningToken
FNDA:0,getSettledPrice
FNDA:0,getEventSettled
FNDA:2,getNonce
DA:37,2
DA:38,2
DA:42,2
DA:47,11
DA:56,11
DA:61,11
DA:66,13
DA:67,0
DA:69,13
DA:74,13
DA:75,13
DA:76,9
DA:78,4
DA:82,30
DA:83,12
DA:85,18
DA:89,5
DA:90,5
DA:92,0
DA:104,2
DA:105,2
DA:108,2
DA:110,2
DA:111,2
DA:112,2
DA:113,2
DA:114,2
DA:115,2
DA:116,2
DA:119,2
DA:122,2
DA:124,2
DA:126,2
DA:133,15
DA:134,13
DA:135,11
DA:136,9
DA:138,9
DA:139,9
DA:145,9
DA:146,5
DA:147,3
DA:149,1
DA:150,1
DA:152,1
DA:154,0
DA:156,1
DA:160,1
DA:161,1
DA:164,1
DA:168,1
DA:174,12
DA:176,10
DA:177,10
DA:179,10
DA:181,2
DA:185,2
DA:186,2
DA:189,2
DA:193,2
DA:196,2
DA:202,4
DA:203,0
DA:206,0
DA:207,0
DA:208,0
DA:210,0
DA:213,0
DA:214,0
DA:215,0
DA:217,0
DA:218,0
DA:219,0
DA:230,0
DA:235,0
DA:240,0
DA:245,0
DA:249,0
DA:254,1
DA:259,0
DA:264,0
DA:268,2
LF:82
LH:61
BRDA:38,1,0,2
BRDA:38,1,1,0
BRDA:42,2,0,2
BRDA:42,2,1,0
BRDA:47,3,0,11
BRDA:47,3,1,0
BRDA:61,4,0,9
BRDA:61,4,1,2
BRDA:66,5,0,0
BRDA:66,5,1,13
BRDA:67,6,0,0
BRDA:67,6,1,0
BRDA:69,7,0,11
BRDA:69,7,1,2
BRDA:75,8,0,9
BRDA:75,8,1,4
BRDA:76,9,0,5
BRDA:76,9,1,4
BRDA:78,10,0,0
BRDA:78,10,1,4
BRDA:82,11,0,12
BRDA:82,11,1,18
BRDA:83,12,0,10
BRDA:83,12,1,2
BRDA:85,13,0,14
BRDA:85,13,1,4
BRDA:89,14,0,5
BRDA:89,14,1,0
BRDA:90,15,0,3
BRDA:90,15,1,2
BRDA:92,16,0,0
BRDA:92,16,1,0
BRDA:152,17,0,0
BRDA:152,17,1,1
BRDA:179,18,0,2
BRDA:179,18,1,8
BRDA:181,19,0,2
BRDA:181,19,1,0
BRDA:208,20,0,0
BRDA:208,20,1,0
BRDA:210,21,0,0
BRDA:210,21,1,0
BRDA:213,22,0,0
BRDA:213,22,1,0
BRDA:217,23,0,0
BRDA:217,23,1,0
BRF:46
BRH:26
end_of_record
TN:
SF:/Users/tadhgriordan/Documents/Work/OpenPredict/GitHub/TrustPredict/contracts/OPUSDToken.sol
FN:13,constructor
FN:17,mint
FN:23,burn
FNF:3
FNH:3
FNDA:1,constructor
FNDA:28,mint
FNDA:18,burn
DA:14,1
DA:18,28
DA:19,28
DA:20,28
DA:24,18
DA:25,18
LF:6
LH:6
BRDA:18,1,0,28
BRDA:18,1,1,0
BRF:2
BRH:1
end_of_record
TN:
SF:/Users/tadhgriordan/Documents/Work/OpenPredict/GitHub/TrustPredict/contracts/Oracle.sol
FN:24,_validPriceAggregator
FN:31,_hasGrantedAllowance
FN:38,constructor
FN:47,setPriceAggregators
FN:72,newRequest
FN:96,fullfillRequest
FN:111,getPairing
FN:120,getLatestPrice
FN:124,stringToBytes32
FNF:9
FNH:5
FNDA:2,_validPriceAggregator
FNDA:2,_hasGrantedAllowance
FNDA:1,constructor
FNDA:1,setPriceAggregators
FNDA:2,newRequest
FNDA:0,fullfillRequest
FNDA:0,getPairing
FNDA:0,getLatestPrice
FNDA:0,stringToBytes32
DA:26,2
DA:27,2
DA:32,2
DA:40,1
DA:41,0
DA:42,1
DA:48,1
DA:49,1
DA:50,1
DA:51,1
DA:52,1
DA:53,1
DA:54,1
DA:55,1
DA:56,1
DA:57,1
DA:58,1
DA:59,1
DA:60,1
DA:61,1
DA:62,1
DA:63,1
DA:64,1
DA:65,1
DA:66,1
DA:76,2
DA:77,2
DA:79,2
DA:80,0
DA:85,0
DA:86,0
DA:87,0
DA:89,2
DA:99,0
DA:100,0
DA:101,0
DA:105,0
DA:112,0
DA:114,0
DA:121,0
DA:125,0
LF:41
LH:28
BRDA:27,1,0,2
BRDA:27,1,1,0
BRDA:32,2,0,2
BRDA:32,2,1,0
BRDA:40,3,0,0
BRDA:40,3,1,1
BRDA:79,4,0,0
BRDA:79,4,1,2
BRDA:105,5,0,0
BRDA:105,5,1,0
BRF:10
BRH:4
end_of_record
TN:
SF:/Users/tadhgriordan/Documents/Work/OpenPredict/GitHub/TrustPredict/contracts/TrustPredictToken.sol
FN:29,onlyEvent
FN:35,constructor
FN:37,createTokens
FN:47,mint
FN:55,transferFrom
FN:62,balanceOfAddress
FN:68,burn
FN:77,getTokenID
FN:81,getToken
FN:85,getTokenBalance
FNF:10
FNH:9
FNDA:15,onlyEvent
FNDA:1,constructor
FNDA:2,createTokens
FNDA:11,mint
FNDA:0,transferFrom
FNDA:28,balanceOfAddress
FNDA:2,burn
FNDA:13,getTokenID
FNDA:32,getToken
FNDA:61,getTokenBalance
DA:30,15
DA:38,2
DA:41,2
DA:42,2
DA:43,2
DA:44,2
DA:48,11
DA:50,11
DA:51,11
DA:52,11
DA:56,0
DA:58,0
DA:59,0
DA:63,28
DA:64,28
DA:65,28
DA:69,2
DA:71,2
DA:72,2
DA:78,13
DA:82,32
DA:86,61
LF:22
LH:19
BRDA:30,1,0,15
BRDA:30,1,1,0
BRF:2
BRH:1
end_of_record
TN:
SF:/Users/tadhgriordan/Documents/Work/OpenPredict/GitHub/TrustPredict/contracts/Utils.sol
FN:15,GetOPUSDAddress
FN:19,GetChainLinkAddress
FN:23,GetOracleAddress
FN:27,GetTrustPredictAddress
FN:31,GetOPEventFactoryAddress
FN:37,GetNetwork
FN:41,GetDepositPeriod
FN:45,GetMinimumTokenAmountPerEvent
FN:55,getOtherToken
FN:59,compare
FN:63,convertToOPUSDAmount
FN:69,addressFrom
FN:89,bytesToString
FN:98,bytesToUint
FN:105,bytesToInt
FN:112,bytesToBool
FN:119,stringToBytes32
FN:135,newRequest
FN:144,getLatestPrice
FN:153,getPairing
FN:167,transferFrom
FN:175,transfer
FN:183,allowance
FN:198,createTokens
FN:206,mint
FN:214,burn
FN:223,transferFrom
FN:231,getTokenBalance
FN:242,getTotalSupply
FN:246,balanceOfAddress
FN:257,isApprovedForAll
FNF:31
FNH:25
FNDA:26,GetOPUSDAddress
FNDA:2,GetChainLinkAddress
FNDA:1,GetOracleAddress
FNDA:16,GetTrustPredictAddress
FNDA:15,GetOPEventFactoryAddress
FNDA:4,GetNetwork
FNDA:4,GetDepositPeriod
FNDA:13,GetMinimumTokenAmountPerEvent
FNDA:1,getOtherToken
FNDA:81,compare
FNDA:24,convertToOPUSDAmount
FNDA:2,addressFrom
FNDA:0,bytesToString
FNDA:13,bytesToUint
FNDA:0,bytesToInt
FNDA:32,bytesToBool
FNDA:0,stringToBytes32
FNDA:2,newRequest
FNDA:0,getLatestPrice
FNDA:0,getPairing
FNDA:11,transferFrom
FNDA:4,transfer
FNDA:13,allowance
FNDA:2,createTokens
FNDA:11,mint
FNDA:2,burn
FNDA:0,transferFrom
FNDA:61,getTokenBalance
FNDA:24,getTotalSupply
FNDA:10,balanceOfAddress
FNDA:2,isApprovedForAll
DA:16,26
DA:20,2
DA:24,1
DA:28,16
DA:32,15
DA:38,4
DA:42,4
DA:46,13
DA:56,1
DA:60,81
DA:66,24
DA:70,2
DA:71,2
DA:77,2
DA:78,2
DA:90,0
DA:99,13
DA:100,13
DA:106,0
DA:107,0
DA:113,32
DA:114,32
DA:120,0
DA:121,0
DA:122,0
DA:125,0
DA:136,2
DA:140,2
DA:141,2
DA:145,0
DA:149,0
DA:150,0
DA:154,0
DA:158,0
DA:159,0
DA:168,11
DA:172,11
DA:176,4
DA:180,4
DA:184,13
DA:188,13
DA:189,13
DA:190,13
DA:199,2
DA:203,2
DA:207,11
DA:211,11
DA:215,2
DA:219,2
DA:224,0
DA:228,0
DA:232,61
DA:236,61
DA:237,61
DA:243,24
DA:247,10
DA:251,10
DA:252,10
DA:258,2
DA:262,2
DA:263,2
LF:61
LH:46
BRDA:71,1,0,0
BRDA:71,1,1,2
BRDA:72,2,0,2
BRDA:72,2,1,0
BRDA:73,3,0,0
BRDA:73,3,1,0
BRDA:74,4,0,0
BRDA:74,4,1,0
BRDA:75,5,0,0
BRDA:75,5,1,0
BRDA:99,6,0,13
BRDA:99,6,1,0
BRDA:106,7,0,0
BRDA:106,7,1,0
BRDA:113,8,0,32
BRDA:113,8,1,0
BRDA:121,9,0,0
BRDA:121,9,1,0
BRDA:140,10,0,2
BRDA:140,10,1,0
BRDA:149,11,0,0
BRDA:149,11,1,0
BRDA:158,12,0,0
BRDA:158,12,1,0
BRDA:172,13,0,11
BRDA:172,13,1,0
BRDA:180,14,0,4
BRDA:180,14,1,0
BRDA:188,15,0,13
BRDA:188,15,1,0
BRDA:203,16,0,2
BRDA:203,16,1,0
BRDA:211,17,0,11
BRDA:211,17,1,0
BRDA:219,18,0,2
BRDA:219,18,1,0
BRDA:228,19,0,0
BRDA:228,19,1,0
BRDA:236,20,0,61
BRDA:236,20,1,0
BRDA:251,21,0,10
BRDA:251,21,1,0
BRDA:262,22,0,2
BRDA:262,22,1,0
BRF:44
BRH:14
end_of_record
